Starting scraper for ebooks.az
Total categories to scrape: 34

[1/34] Processing category: /az/category/philosophy

Scraping category: philosophy
  Fetching page 1: https://www.ebooks.az/az/category/philosophy
  Total pages detected: 8
  Found 10 books on page 1
  Fetching page 2/8: https://www.ebooks.az/az/category/philosophy?page=2
  Found 10 books on page 2
  Fetching page 3/8: https://www.ebooks.az/az/category/philosophy?page=3
  Found 10 books on page 3
  Fetching page 4/8: https://www.ebooks.az/az/category/philosophy?page=4
  Found 10 books on page 4
  Fetching page 5/8: https://www.ebooks.az/az/category/philosophy?page=5
  Found 10 books on page 5
  Fetching page 6/8: https://www.ebooks.az/az/category/philosophy?page=6
  Found 10 books on page 6
  Fetching page 7/8: https://www.ebooks.az/az/category/philosophy?page=7
  Found 10 books on page 7
  Fetching page 8/8: https://www.ebooks.az/az/category/philosophy?page=8
  Found 10 books on page 8
  No more pages. Total books: 80
Category total: 80 books
Overall total: 80 books

[2/34] Processing category: /az/category/history

Scraping category: history
  Fetching page 1: https://www.ebooks.az/az/category/history
  Total pages detected: 29
  Found 10 books on page 1
  Fetching page 2/29: https://www.ebooks.az/az/category/history?page=2
  Found 10 books on page 2
  Fetching page 3/29: https://www.ebooks.az/az/category/history?page=3
  Found 10 books on page 3
  Fetching page 4/29: https://www.ebooks.az/az/category/history?page=4
  Found 10 books on page 4
  Fetching page 5/29: https://www.ebooks.az/az/category/history?page=5
  Found 10 books on page 5
  Fetching page 6/29: https://www.ebooks.az/az/category/history?page=6
  Found 10 books on page 6
  Fetching page 7/29: https://www.ebooks.az/az/category/history?page=7
  Found 10 books on page 7
  Fetching page 8/29: https://www.ebooks.az/az/category/history?page=8
  Found 10 books on page 8
  Fetching page 9/29: https://www.ebooks.az/az/category/history?page=9
  Found 10 books on page 9
  Fetching page 10/29: https://www.ebooks.az/az/category/history?page=10
  Found 10 books on page 10
  Fetching page 11/29: https://www.ebooks.az/az/category/history?page=11
  Found 10 books on page 11
  Fetching page 12/29: https://www.ebooks.az/az/category/history?page=12
  Found 10 books on page 12
  Fetching page 13/29: https://www.ebooks.az/az/category/history?page=13
  Found 10 books on page 13
  Fetching page 14/29: https://www.ebooks.az/az/category/history?page=14
  Found 10 books on page 14
  Fetching page 15/29: https://www.ebooks.az/az/category/history?page=15
  Found 10 books on page 15
  Fetching page 16/29: https://www.ebooks.az/az/category/history?page=16
  Found 10 books on page 16
  Fetching page 17/29: https://www.ebooks.az/az/category/history?page=17
  Found 10 books on page 17
  Fetching page 18/29: https://www.ebooks.az/az/category/history?page=18
  Found 10 books on page 18
  Fetching page 19/29: https://www.ebooks.az/az/category/history?page=19
  Found 10 books on page 19
  Fetching page 20/29: https://www.ebooks.az/az/category/history?page=20
  Found 10 books on page 20
  Fetching page 21/29: https://www.ebooks.az/az/category/history?page=21
  Found 10 books on page 21
  Fetching page 22/29: https://www.ebooks.az/az/category/history?page=22
  Found 10 books on page 22
  Fetching page 23/29: https://www.ebooks.az/az/category/history?page=23
  Found 10 books on page 23
  Fetching page 24/29: https://www.ebooks.az/az/category/history?page=24
  Found 10 books on page 24
  Fetching page 25/29: https://www.ebooks.az/az/category/history?page=25
  Found 10 books on page 25
  Fetching page 26/29: https://www.ebooks.az/az/category/history?page=26
  Found 10 books on page 26
  Fetching page 27/29: https://www.ebooks.az/az/category/history?page=27
  Found 10 books on page 27
  Fetching page 28/29: https://www.ebooks.az/az/category/history?page=28
  Found 10 books on page 28
  Fetching page 29/29: https://www.ebooks.az/az/category/history?page=29
  Found 3 books on page 29
  No more pages. Total books: 283
Category total: 283 books
Overall total: 363 books

[3/34] Processing category: /az/category/historyaz

Scraping category: historyaz
  Fetching page 1: https://www.ebooks.az/az/category/historyaz
  Total pages detected: 132
  Found 10 books on page 1
  Fetching page 2/132: https://www.ebooks.az/az/category/historyaz?page=2
  Found 10 books on page 2
  Fetching page 3/132: https://www.ebooks.az/az/category/historyaz?page=3
  Found 10 books on page 3
  Fetching page 4/132: https://www.ebooks.az/az/category/historyaz?page=4
  Found 10 books on page 4
  Fetching page 5/132: https://www.ebooks.az/az/category/historyaz?page=5
  Found 10 books on page 5
  Fetching page 6/132: https://www.ebooks.az/az/category/historyaz?page=6
  Found 10 books on page 6
  Fetching page 7/132: https://www.ebooks.az/az/category/historyaz?page=7
  Found 10 books on page 7
  Fetching page 8/132: https://www.ebooks.az/az/category/historyaz?page=8
  Found 10 books on page 8
  Fetching page 9/132: https://www.ebooks.az/az/category/historyaz?page=9
  Found 10 books on page 9
  Fetching page 10/132: https://www.ebooks.az/az/category/historyaz?page=10
  Found 10 books on page 10
  Fetching page 11/132: https://www.ebooks.az/az/category/historyaz?page=11
  Found 10 books on page 11
  Fetching page 12/132: https://www.ebooks.az/az/category/historyaz?page=12
  Found 10 books on page 12
  Fetching page 13/132: https://www.ebooks.az/az/category/historyaz?page=13
  Found 10 books on page 13
  Fetching page 14/132: https://www.ebooks.az/az/category/historyaz?page=14
  Found 10 books on page 14
  Fetching page 15/132: https://www.ebooks.az/az/category/historyaz?page=15
  Found 10 books on page 15
  Fetching page 16/132: https://www.ebooks.az/az/category/historyaz?page=16
  Found 10 books on page 16
  Fetching page 17/132: https://www.ebooks.az/az/category/historyaz?page=17
  Found 10 books on page 17
  Fetching page 18/132: https://www.ebooks.az/az/category/historyaz?page=18
  Found 10 books on page 18
  Fetching page 19/132: https://www.ebooks.az/az/category/historyaz?page=19
  Found 10 books on page 19
  Fetching page 20/132: https://www.ebooks.az/az/category/historyaz?page=20
  Found 10 books on page 20
  Fetching page 21/132: https://www.ebooks.az/az/category/historyaz?page=21
  Found 10 books on page 21
  Fetching page 22/132: https://www.ebooks.az/az/category/historyaz?page=22
  Found 10 books on page 22
  Fetching page 23/132: https://www.ebooks.az/az/category/historyaz?page=23
  Found 10 books on page 23
  Fetching page 24/132: https://www.ebooks.az/az/category/historyaz?page=24
  Found 10 books on page 24
  Fetching page 25/132: https://www.ebooks.az/az/category/historyaz?page=25
  Found 10 books on page 25
  Fetching page 26/132: https://www.ebooks.az/az/category/historyaz?page=26
  Found 10 books on page 26
  Fetching page 27/132: https://www.ebooks.az/az/category/historyaz?page=27
  Found 10 books on page 27
  Fetching page 28/132: https://www.ebooks.az/az/category/historyaz?page=28
  Found 10 books on page 28
  Fetching page 29/132: https://www.ebooks.az/az/category/historyaz?page=29
  Found 10 books on page 29
  Fetching page 30/132: https://www.ebooks.az/az/category/historyaz?page=30
  Found 10 books on page 30
  Fetching page 31/132: https://www.ebooks.az/az/category/historyaz?page=31
  Found 10 books on page 31
  Fetching page 32/132: https://www.ebooks.az/az/category/historyaz?page=32
  Found 10 books on page 32
  Fetching page 33/132: https://www.ebooks.az/az/category/historyaz?page=33
  Found 10 books on page 33
  Fetching page 34/132: https://www.ebooks.az/az/category/historyaz?page=34
  Found 10 books on page 34
  Fetching page 35/132: https://www.ebooks.az/az/category/historyaz?page=35
  Found 10 books on page 35
  Fetching page 36/132: https://www.ebooks.az/az/category/historyaz?page=36
  Found 10 books on page 36
  Fetching page 37/132: https://www.ebooks.az/az/category/historyaz?page=37
  Found 10 books on page 37
  Fetching page 38/132: https://www.ebooks.az/az/category/historyaz?page=38
  Found 10 books on page 38
  Fetching page 39/132: https://www.ebooks.az/az/category/historyaz?page=39
  Found 10 books on page 39
  Fetching page 40/132: https://www.ebooks.az/az/category/historyaz?page=40
  Found 10 books on page 40
  Fetching page 41/132: https://www.ebooks.az/az/category/historyaz?page=41
  Found 10 books on page 41
  Fetching page 42/132: https://www.ebooks.az/az/category/historyaz?page=42
  Found 10 books on page 42
  Fetching page 43/132: https://www.ebooks.az/az/category/historyaz?page=43
  Found 10 books on page 43
  Fetching page 44/132: https://www.ebooks.az/az/category/historyaz?page=44
  Found 10 books on page 44
  Fetching page 45/132: https://www.ebooks.az/az/category/historyaz?page=45
  Found 10 books on page 45
  Fetching page 46/132: https://www.ebooks.az/az/category/historyaz?page=46
  Found 10 books on page 46
  Fetching page 47/132: https://www.ebooks.az/az/category/historyaz?page=47
  Found 10 books on page 47
  Fetching page 48/132: https://www.ebooks.az/az/category/historyaz?page=48
  Found 10 books on page 48
  Fetching page 49/132: https://www.ebooks.az/az/category/historyaz?page=49
  Found 10 books on page 49
  Fetching page 50/132: https://www.ebooks.az/az/category/historyaz?page=50
  Found 10 books on page 50
  Fetching page 51/132: https://www.ebooks.az/az/category/historyaz?page=51
  Found 10 books on page 51
  Fetching page 52/132: https://www.ebooks.az/az/category/historyaz?page=52
  Found 10 books on page 52
  Fetching page 53/132: https://www.ebooks.az/az/category/historyaz?page=53
  Found 10 books on page 53
  Fetching page 54/132: https://www.ebooks.az/az/category/historyaz?page=54
  Found 10 books on page 54
  Fetching page 55/132: https://www.ebooks.az/az/category/historyaz?page=55
  Found 10 books on page 55
  Fetching page 56/132: https://www.ebooks.az/az/category/historyaz?page=56
  Found 10 books on page 56
  Fetching page 57/132: https://www.ebooks.az/az/category/historyaz?page=57
  Found 10 books on page 57
  Fetching page 58/132: https://www.ebooks.az/az/category/historyaz?page=58
  Found 10 books on page 58
  Fetching page 59/132: https://www.ebooks.az/az/category/historyaz?page=59
  Found 10 books on page 59
  Fetching page 60/132: https://www.ebooks.az/az/category/historyaz?page=60
  Found 10 books on page 60
  Fetching page 61/132: https://www.ebooks.az/az/category/historyaz?page=61
  Found 10 books on page 61
  Fetching page 62/132: https://www.ebooks.az/az/category/historyaz?page=62
  Found 10 books on page 62
  Fetching page 63/132: https://www.ebooks.az/az/category/historyaz?page=63
  Found 10 books on page 63
  Fetching page 64/132: https://www.ebooks.az/az/category/historyaz?page=64
  Found 10 books on page 64
  Fetching page 65/132: https://www.ebooks.az/az/category/historyaz?page=65
  Found 10 books on page 65
  Fetching page 66/132: https://www.ebooks.az/az/category/historyaz?page=66
  Found 10 books on page 66
  Fetching page 67/132: https://www.ebooks.az/az/category/historyaz?page=67
  Found 10 books on page 67
  Fetching page 68/132: https://www.ebooks.az/az/category/historyaz?page=68
  Found 10 books on page 68
  Fetching page 69/132: https://www.ebooks.az/az/category/historyaz?page=69
  Found 10 books on page 69
  Fetching page 70/132: https://www.ebooks.az/az/category/historyaz?page=70
  Found 10 books on page 70
  Fetching page 71/132: https://www.ebooks.az/az/category/historyaz?page=71
  Found 10 books on page 71
  Fetching page 72/132: https://www.ebooks.az/az/category/historyaz?page=72
  Found 10 books on page 72
  Fetching page 73/132: https://www.ebooks.az/az/category/historyaz?page=73
  Found 10 books on page 73
  Fetching page 74/132: https://www.ebooks.az/az/category/historyaz?page=74
  Found 10 books on page 74
  Fetching page 75/132: https://www.ebooks.az/az/category/historyaz?page=75
  Found 10 books on page 75
  Fetching page 76/132: https://www.ebooks.az/az/category/historyaz?page=76
  Found 10 books on page 76
  Fetching page 77/132: https://www.ebooks.az/az/category/historyaz?page=77
  Found 10 books on page 77
  Fetching page 78/132: https://www.ebooks.az/az/category/historyaz?page=78
  Found 10 books on page 78
  Fetching page 79/132: https://www.ebooks.az/az/category/historyaz?page=79
  Found 10 books on page 79
  Fetching page 80/132: https://www.ebooks.az/az/category/historyaz?page=80
  Found 10 books on page 80
  Fetching page 81/132: https://www.ebooks.az/az/category/historyaz?page=81
  Found 10 books on page 81
  Fetching page 82/132: https://www.ebooks.az/az/category/historyaz?page=82
  Found 10 books on page 82
  Fetching page 83/132: https://www.ebooks.az/az/category/historyaz?page=83
  Found 10 books on page 83
  Fetching page 84/132: https://www.ebooks.az/az/category/historyaz?page=84
  Found 10 books on page 84
  Fetching page 85/132: https://www.ebooks.az/az/category/historyaz?page=85
  Found 10 books on page 85
  Fetching page 86/132: https://www.ebooks.az/az/category/historyaz?page=86
  Found 10 books on page 86
  Fetching page 87/132: https://www.ebooks.az/az/category/historyaz?page=87
